<?xml version="1.0" encoding="UTF-8"?>
<!-- Generated by org.testng.reporters.JUnitXMLReporter -->
<testsuite hostname="tomek-OptiPlex-790" ignored="0" name="Test" tests="3" failures="2" timestamp="31 sie 2017 08:44:37 GMT" time="367.832" errors="0">
  <testcase name="CashOnDelivery" time="90.41" classname="ProcesZakupowy.Bank_Payment">
    <failure type="java.lang.AssertionError" message="expected [Your order # is: .] but found []">
      <![CDATA[java.lang.AssertionError: expected [Your order # is: .] but found []
	at Proces_Zakupowy.SucessBank.Sucess(SucessBank.java:20)
	at ProcesZakupowy.Bank_Payment.CashOnDelivery(Bank_Payment.java:28)
... Removed 30 stack frames]]>
    </failure>
  </testcase> <!-- CashOnDelivery -->
  <testcase name="InPost" time="67.622" classname="ProcesZakupowy.Bank_Payment">
    <failure type="org.openqa.selenium.ElementNotInteractableException" message="
Build info: version: &amp;apos;3.5.2&amp;apos;, revision: &amp;apos;10229a9020&amp;apos;, time: &amp;apos;2017-08-21T17:54:21.164Z&amp;apos;
System info: host: &amp;apos;tomek-OptiPlex-790&amp;apos;, ip: &amp;apos;127.0.1.1&amp;apos;, os.name: &amp;apos;Linux&amp;apos;, os.arch: &amp;apos;amd64&amp;apos;, os.version: &amp;apos;4.8.0-42-generic&amp;apos;, java.version: &amp;apos;1.8.0_144&amp;apos;
Driver info: org.openqa.selenium.firefox.FirefoxDriver
Capabilities [{moz:profile=/tmp/rust_mozprofile.d4yHX38FXsl7, rotatable=false, timeouts={implicit=0, pageLoad=300000, script=30000}, pageLoadStrategy=normal, platform=ANY, specificationLevel=0, moz:accessibilityChecks=false, acceptInsecureCerts=false, browserVersion=55.0.2, platformVersion=4.8.0-42-generic, moz:processID=10981, browserName=firefox, javascriptEnabled=true, platformName=linux}]
Session ID: 4cf24d5e-000c-400c-9125-3c24a47489f1">
      <![CDATA[org.openqa.selenium.ElementNotInteractableException: 
Build info: version: '3.5.2', revision: '10229a9020', time: '2017-08-21T17:54:21.164Z'
System info: host: 'tomek-OptiPlex-790', ip: '127.0.1.1', os.name: 'Linux', os.arch: 'amd64', os.version: '4.8.0-42-generic', java.version: '1.8.0_144'
Driver info: org.openqa.selenium.firefox.FirefoxDriver
Capabilities [{moz:profile=/tmp/rust_mozprofile.d4yHX38FXsl7, rotatable=false, timeouts={implicit=0, pageLoad=300000, script=30000}, pageLoadStrategy=normal, platform=ANY, specificationLevel=0, moz:accessibilityChecks=false, acceptInsecureCerts=false, browserVersion=55.0.2, platformVersion=4.8.0-42-generic, moz:processID=10981, browserName=firefox, javascriptEnabled=true, platformName=linux}]
Session ID: 4cf24d5e-000c-400c-9125-3c24a47489f1
	at org.openqa.selenium.remote.http.W3CHttpResponseCodec.createException(W3CHttpResponseCodec.java:185)
	at org.openqa.selenium.remote.http.W3CHttpResponseCodec.decode(W3CHttpResponseCodec.java:120)
	at org.openqa.selenium.remote.http.W3CHttpResponseCodec.decode(W3CHttpResponseCodec.java:49)
	at org.openqa.selenium.remote.HttpCommandExecutor.execute(HttpCommandExecutor.java:164)
	at org.openqa.selenium.remote.service.DriverCommandExecutor.execute(DriverCommandExecutor.java:82)
	at org.openqa.selenium.remote.RemoteWebDriver.execute(RemoteWebDriver.java:641)
	at org.openqa.selenium.remote.RemoteWebElement.execute(RemoteWebElement.java:275)
	at org.openqa.selenium.remote.RemoteWebElement.click(RemoteWebElement.java:82)
	at Proces_Zakupowy.PaymentBankTransfer.PaymentBankTransfer(PaymentBankTransfer.java:24)
	at ProcesZakupowy.Bank_Payment.InPost(Bank_Payment.java:36)
... Removed 28 stack frames]]>
    </failure>
  </testcase> <!-- InPost -->
  <testcase name="CashOnDelivery" time="199.939" classname="ProcesZakupowy.Payu_Payment"/>
</testsuite> <!-- Test -->
